11:22:13.145 karate.env system property was:  
11:22:14.374 request:
1 > POST http://localhost:8081/signup
1 > Accept: application/json
1 > Accept-Encoding: gzip,deflate
1 > Connection: Keep-Alive
1 > Content-Length: 46
1 > Content-Type: application/json; charset=UTF-8
1 > Host: localhost:8081
1 > User-Agent: Apache-HttpClient/4.5.12 (Java/11.0.13)
{"username":"1637158933344","password":"1234"}

11:22:14.559 response time in milliseconds: 182.26
1 < 201
1 < Connection: keep-alive
1 < Content-Type: application/json
1 < Date: Wed, 17 Nov 2021 14:22:14 GMT
1 < Keep-Alive: timeout=60
1 < Transfer-Encoding: chunked
{"id":"2c9480837d2a8c08017d2e46d99800e5","username":"1637158933344","password":"$2a$10$8a388jbXcpi7fE7KecHXz.f61Q58ghQWjmn1DUzVYfYVhDYFdyGfa","profiles":null,"enabled":true,"authorities":null,"accountNonLocked":true,"credentialsNonExpired":true,"accountNonExpired":true}

11:22:14.561 [print] {
  "password": "$2a$10$8a388jbXcpi7fE7KecHXz.f61Q58ghQWjmn1DUzVYfYVhDYFdyGfa",
  "credentialsNonExpired": true,
  "profiles": null,
  "accountNonExpired": true,
  "id": "2c9480837d2a8c08017d2e46d99800e5",
  "enabled": true,
  "authorities": null,
  "username": "1637158933344",
  "accountNonLocked": true
}

11:22:14.577 request:
2 > POST http://localhost:8081/auth
2 > Accept-Encoding: gzip,deflate
2 > Connection: Keep-Alive
2 > Content-Length: 46
2 > Content-Type: application/json; charset=UTF-8
2 > Host: localhost:8081
2 > User-Agent: Apache-HttpClient/4.5.12 (Java/11.0.13)
{"username":"1637158933344","password":"1234"}

11:22:14.701 response time in milliseconds: 122.42
2 < 200
2 < Connection: keep-alive
2 < Content-Type: application/json
2 < Date: Wed, 17 Nov 2021 14:22:14 GMT
2 < Keep-Alive: timeout=60
2 < Transfer-Encoding: chunked
{"token":"eyJhbGciOiJIUzI1NiJ9.eyJpc3MiOiJCb29rIFdpc2hsaXN0IEFQSSIsInN1YiI6IjJjOTQ4MDgzN2QyYThjMDgwMTdkMmU0NmQ5OTgwMGU1IiwiaWF0IjoxNjM3MTU4OTM1LCJleHAiOjE2MzcyNDUzMzV9.iXLbSleF0Y4o8JoHWSof8hi7bhVHZOLbT4HPR86D1Gk","type":"Bearer"}

11:22:14.703 [print] {
  "type": "Bearer",
  "token": "eyJhbGciOiJIUzI1NiJ9.eyJpc3MiOiJCb29rIFdpc2hsaXN0IEFQSSIsInN1YiI6IjJjOTQ4MDgzN2QyYThjMDgwMTdkMmU0NmQ5OTgwMGU1IiwiaWF0IjoxNjM3MTU4OTM1LCJleHAiOjE2MzcyNDUzMzV9.iXLbSleF0Y4o8JoHWSof8hi7bhVHZOLbT4HPR86D1Gk"
}

11:22:14.743 karate.env system property was:  
11:22:14.760 request:
1 > POST http://localhost:8081/signup
1 > Accept: application/json
1 > Accept-Encoding: gzip,deflate
1 > Connection: Keep-Alive
1 > Content-Length: 46
1 > Content-Type: application/json; charset=UTF-8
1 > Host: localhost:8081
1 > User-Agent: Apache-HttpClient/4.5.12 (Java/11.0.13)
{"username":"1637158934754","password":"1234"}

11:22:14.885 response time in milliseconds: 124.27
1 < 201
1 < Connection: keep-alive
1 < Content-Type: application/json
1 < Date: Wed, 17 Nov 2021 14:22:14 GMT
1 < Keep-Alive: timeout=60
1 < Transfer-Encoding: chunked
{"id":"2c9480837d2a8c08017d2e46daed00e6","username":"1637158934754","password":"$2a$10$DHoKjGY8ogIMjScGufjQ0uqFbGq.h0TrGukkP6D0KgLShG73vqzlG","profiles":null,"enabled":true,"authorities":null,"accountNonLocked":true,"credentialsNonExpired":true,"accountNonExpired":true}

11:22:14.886 [print] {
  "password": "$2a$10$DHoKjGY8ogIMjScGufjQ0uqFbGq.h0TrGukkP6D0KgLShG73vqzlG",
  "credentialsNonExpired": true,
  "profiles": null,
  "accountNonExpired": true,
  "id": "2c9480837d2a8c08017d2e46daed00e6",
  "enabled": true,
  "authorities": null,
  "username": "1637158934754",
  "accountNonLocked": true
}

11:22:14.890 request:
2 > POST http://localhost:8081/auth
2 > Accept-Encoding: gzip,deflate
2 > Connection: Keep-Alive
2 > Content-Length: 47
2 > Content-Type: application/json; charset=UTF-8
2 > Host: localhost:8081
2 > User-Agent: Apache-HttpClient/4.5.12 (Java/11.0.13)
{"username":"1637158934754","password":"12345"}

11:22:15.003 response time in milliseconds: 111.47
2 < 404
2 < Connection: keep-alive
2 < Content-Type: application/json
2 < Date: Wed, 17 Nov 2021 14:22:14 GMT
2 < Keep-Alive: timeout=60
2 < Transfer-Encoding: chunked
[{"field":"username or password","error":"Please check that both the username and password are typed correctly"}]

11:22:15.005 [print] [
  {
    "field": "username or password",
    "error": "Please check that both the username and password are typed correctly"
  }
]

11:22:15.187 karate.env system property was:  
11:22:15.206 request:
1 > POST http://localhost:8081/signup
1 > Accept: application/json
1 > Accept-Encoding: gzip,deflate
1 > Connection: Keep-Alive
1 > Content-Length: 46
1 > Content-Type: application/json; charset=UTF-8
1 > Host: localhost:8081
1 > User-Agent: Apache-HttpClient/4.5.12 (Java/11.0.13)
{"username":"1637158935191","password":"1234"}

11:22:15.341 response time in milliseconds: 133.69
1 < 201
1 < Connection: keep-alive
1 < Content-Type: application/json
1 < Date: Wed, 17 Nov 2021 14:22:14 GMT
1 < Keep-Alive: timeout=60
1 < Transfer-Encoding: chunked
{"id":"2c9480837d2a8c08017d2e46dcb900e7","username":"1637158935191","password":"$2a$10$ls.jQWSieKvt93e4wNFcNOaBYY6IF7btR0ZThj5PJF76Mfx3oKFqu","profiles":null,"enabled":true,"authorities":null,"accountNonLocked":true,"credentialsNonExpired":true,"accountNonExpired":true}

11:22:15.343 [print] {
  "password": "$2a$10$ls.jQWSieKvt93e4wNFcNOaBYY6IF7btR0ZThj5PJF76Mfx3oKFqu",
  "credentialsNonExpired": true,
  "profiles": null,
  "accountNonExpired": true,
  "id": "2c9480837d2a8c08017d2e46dcb900e7",
  "enabled": true,
  "authorities": null,
  "username": "1637158935191",
  "accountNonLocked": true
}

11:22:15.348 request:
2 > POST http://localhost:8081/auth
2 > Accept-Encoding: gzip,deflate
2 > Connection: Keep-Alive
2 > Content-Length: 46
2 > Content-Type: application/json; charset=UTF-8
2 > Host: localhost:8081
2 > User-Agent: Apache-HttpClient/4.5.12 (Java/11.0.13)
{"username":"1637158935191","password":"1234"}

11:22:15.460 response time in milliseconds: 110.91
2 < 200
2 < Connection: keep-alive
2 < Content-Type: application/json
2 < Date: Wed, 17 Nov 2021 14:22:14 GMT
2 < Keep-Alive: timeout=60
2 < Transfer-Encoding: chunked
{"token":"eyJhbGciOiJIUzI1NiJ9.eyJpc3MiOiJCb29rIFdpc2hsaXN0IEFQSSIsInN1YiI6IjJjOTQ4MDgzN2QyYThjMDgwMTdkMmU0NmRjYjkwMGU3IiwiaWF0IjoxNjM3MTU4OTM1LCJleHAiOjE2MzcyNDUzMzV9.Q070fmpXHTPZSs_eWxUEyWp-4Y7cSWb2myaTfPja6eU","type":"Bearer"}

11:22:15.461 [print] {
  "type": "Bearer",
  "token": "eyJhbGciOiJIUzI1NiJ9.eyJpc3MiOiJCb29rIFdpc2hsaXN0IEFQSSIsInN1YiI6IjJjOTQ4MDgzN2QyYThjMDgwMTdkMmU0NmRjYjkwMGU3IiwiaWF0IjoxNjM3MTU4OTM1LCJleHAiOjE2MzcyNDUzMzV9.Q070fmpXHTPZSs_eWxUEyWp-4Y7cSWb2myaTfPja6eU"
}

11:22:15.489 request:
3 > POST http://localhost:8081/wishlist
3 > Accept-Encoding: gzip,deflate
3 > Authorization: Bearer eyJhbGciOiJIUzI1NiJ9.eyJpc3MiOiJCb29rIFdpc2hsaXN0IEFQSSIsInN1YiI6IjJjOTQ4MDgzN2QyYThjMDgwMTdkMmU0NmRjYjkwMGU3IiwiaWF0IjoxNjM3MTU4OTM1LCJleHAiOjE2MzcyNDUzMzV9.Q070fmpXHTPZSs_eWxUEyWp-4Y7cSWb2myaTfPja6eU
3 > Connection: Keep-Alive
3 > Content-Length: 33
3 > Content-Type: application/json; charset=UTF-8
3 > Host: localhost:8081
3 > User-Agent: Apache-HttpClient/4.5.12 (Java/11.0.13)
{"name":"wishlist for testing 2"}

11:22:15.562 response time in milliseconds: 72.90
3 < 201
3 < Cache-Control: no-cache, no-store, max-age=0, must-revalidate
3 < Connection: keep-alive
3 < Content-Type: application/json
3 < Date: Wed, 17 Nov 2021 14:22:15 GMT
3 < Expires: 0
3 < Keep-Alive: timeout=60
3 < Location: http://localhost:8081/wishlist/2c9480837d2a8c08017d2e46dd7e00e8
3 < Pragma: no-cache
3 < Transfer-Encoding: chunked
3 < X-Content-Type-Options: nosniff
3 < X-Frame-Options: DENY
3 < X-XSS-Protection: 1; mode=block
{"id":"2c9480837d2a8c08017d2e46dd7e00e8","name":"wishlist for testing 2","books":[]}

11:22:15.563 [print] {
  "books": [
  ],
  "name": "wishlist for testing 2",
  "id": "2c9480837d2a8c08017d2e46dd7e00e8"
}

11:22:15.622 request:
4 > POST http://localhost:8081/wishlist/2c9480837d2a8c08017d2e46dd7e00e8/book/9780672337949
4 > Accept-Encoding: gzip,deflate
4 > Authorization: Bearer eyJhbGciOiJIUzI1NiJ9.eyJpc3MiOiJCb29rIFdpc2hsaXN0IEFQSSIsInN1YiI6IjJjOTQ4MDgzN2QyYThjMDgwMTdkMmU0NmRjYjkwMGU3IiwiaWF0IjoxNjM3MTU4OTM1LCJleHAiOjE2MzcyNDUzMzV9.Q070fmpXHTPZSs_eWxUEyWp-4Y7cSWb2myaTfPja6eU
4 > Connection: Keep-Alive
4 > Content-Length: 74
4 > Content-Type: application/json; charset=UTF-8
4 > Host: localhost:8081
4 > User-Agent: Apache-HttpClient/4.5.12 (Java/11.0.13)
{"isbn13":"9780672337949","wishlistId":"2c9480837d2a8c08017d2e46dd7e00e8"}

11:22:18.343 response time in milliseconds: 2719.61
4 < 201
4 < Cache-Control: no-cache, no-store, max-age=0, must-revalidate
4 < Connection: keep-alive
4 < Content-Type: application/json
4 < Date: Wed, 17 Nov 2021 14:22:18 GMT
4 < Expires: 0
4 < Keep-Alive: timeout=60
4 < Location: http://localhost:8081/2c9480837d2a8c08017d2e46dd7e00e8/book/9780672337949
4 < Pragma: no-cache
4 < Transfer-Encoding: chunked
4 < X-Content-Type-Options: nosniff
4 < X-Frame-Options: DENY
4 < X-XSS-Protection: 1; mode=block
{"id":"2c9480837d2a8c08017d2e46dd7e00e8","name":"wishlist for testing 2","books":[{"id":"2c9480837d2a8c08017d2e46e82f00e9","isbn13":"9780672337949","title":"Sams Teach Yourself Java in 24 Hours, 8th Edition","subtitle":"Covering Java 9","authors":"Rogers Cadenhead","year":"2017","price":"$17.79","url":"https://api.itbook.store/1.0/books/9780672337949"}]}

11:22:18.345 [print] {
  "books": [
    {
      "year": "2017",
      "price": "$17.79",
      "isbn13": "9780672337949",
      "subtitle": "Covering Java 9",
      "id": "2c9480837d2a8c08017d2e46e82f00e9",
      "title": "Sams Teach Yourself Java in 24 Hours, 8th Edition",
      "url": "https://api.itbook.store/1.0/books/9780672337949",
      "authors": "Rogers Cadenhead"
    }
  ],
  "name": "wishlist for testing 2",
  "id": "2c9480837d2a8c08017d2e46dd7e00e8"
}

11:22:18.461 karate.env system property was:  
11:22:18.469 request:
1 > POST http://localhost:8081/signup
1 > Accept: application/json
1 > Accept-Encoding: gzip,deflate
1 > Connection: Keep-Alive
1 > Content-Length: 41
1 > Content-Type: application/json; charset=UTF-8
1 > Host: localhost:8081
1 > User-Agent: Apache-HttpClient/4.5.12 (Java/11.0.13)
{"username":"Testando","password":"1234"}

11:22:18.618 response time in milliseconds: 147.87
1 < 201
1 < Connection: keep-alive
1 < Content-Type: application/json
1 < Date: Wed, 17 Nov 2021 14:22:18 GMT
1 < Keep-Alive: timeout=60
1 < Transfer-Encoding: chunked
{"id":"2c9480837d2a8c08017d2e46e97800ea","username":"Testando","password":"$2a$10$FsznI294WCQR/HLnaBzPH.KqMlwPaG1tuwbi/Rbly6R9g51RY33Vy","profiles":null,"enabled":true,"authorities":null,"accountNonLocked":true,"credentialsNonExpired":true,"accountNonExpired":true}

11:22:18.620 [print] {
  "password": "$2a$10$FsznI294WCQR/HLnaBzPH.KqMlwPaG1tuwbi/Rbly6R9g51RY33Vy",
  "credentialsNonExpired": true,
  "profiles": null,
  "accountNonExpired": true,
  "id": "2c9480837d2a8c08017d2e46e97800ea",
  "enabled": true,
  "authorities": null,
  "username": "Testando",
  "accountNonLocked": true
}

11:22:18.649 karate.env system property was:  
11:22:18.654 request:
1 > POST http://localhost:8081/signup
1 > Accept: application/json
1 > Accept-Encoding: gzip,deflate
1 > Connection: Keep-Alive
1 > Content-Length: 33
1 > Content-Type: application/json; charset=UTF-8
1 > Host: localhost:8081
1 > User-Agent: Apache-HttpClient/4.5.12 (Java/11.0.13)
{"username":"","password":"1234"}

11:22:18.671 response time in milliseconds: 14.88
1 < 400
1 < Connection: close
1 < Content-Type: application/json
1 < Date: Wed, 17 Nov 2021 14:22:18 GMT
1 < Transfer-Encoding: chunked
[{"field":"username","error":"size must be between 4 and 15"},{"field":"username","error":"Username must be between 4 to 15 characters and not be blank"}]

11:22:18.672 [print] [
  {
    "field": "username",
    "error": "size must be between 4 and 15"
  },
  {
    "field": "username",
    "error": "Username must be between 4 to 15 characters and not be blank"
  }
]

11:22:18.707 karate.env system property was:  
11:22:18.712 request:
1 > POST http://localhost:8081/signup
1 > Accept: application/json
1 > Accept-Encoding: gzip,deflate
1 > Connection: Keep-Alive
1 > Content-Length: 37
1 > Content-Type: application/json; charset=UTF-8
1 > Host: localhost:8081
1 > User-Agent: Apache-HttpClient/4.5.12 (Java/11.0.13)
{"username":"Testando","password":""}

11:22:18.729 response time in milliseconds: 15.42
1 < 400
1 < Connection: close
1 < Content-Type: application/json
1 < Date: Wed, 17 Nov 2021 14:22:18 GMT
1 < Transfer-Encoding: chunked
[{"field":"password","error":"size must be between 4 and 15"},{"field":"password","error":"Password must be between 4 to 15 characters and not be blank"}]

11:22:18.731 [print] [
  {
    "field": "password",
    "error": "size must be between 4 and 15"
  },
  {
    "field": "password",
    "error": "Password must be between 4 to 15 characters and not be blank"
  }
]

11:22:18.836 karate.env system property was:  
11:22:18.844 request:
1 > POST http://localhost:8081/signup
1 > Accept: application/json
1 > Accept-Encoding: gzip,deflate
1 > Connection: Keep-Alive
1 > Content-Length: 46
1 > Content-Type: application/json; charset=UTF-8
1 > Host: localhost:8081
1 > User-Agent: Apache-HttpClient/4.5.12 (Java/11.0.13)
{"username":"1637158938840","password":"1234"}

11:22:19.024 response time in milliseconds: 177.48
1 < 201
1 < Connection: keep-alive
1 < Content-Type: application/json
1 < Date: Wed, 17 Nov 2021 14:22:18 GMT
1 < Keep-Alive: timeout=60
1 < Transfer-Encoding: chunked
{"id":"2c9480837d2a8c08017d2e46eb1800eb","username":"1637158938840","password":"$2a$10$.lk3upWXSDd5KqDWeVcHduIyviGCkLTidIPBbA9ZG.3o3offjZs8i","profiles":null,"enabled":true,"authorities":null,"accountNonLocked":true,"credentialsNonExpired":true,"accountNonExpired":true}

11:22:19.025 [print] {
  "password": "$2a$10$.lk3upWXSDd5KqDWeVcHduIyviGCkLTidIPBbA9ZG.3o3offjZs8i",
  "credentialsNonExpired": true,
  "profiles": null,
  "accountNonExpired": true,
  "id": "2c9480837d2a8c08017d2e46eb1800eb",
  "enabled": true,
  "authorities": null,
  "username": "1637158938840",
  "accountNonLocked": true
}

11:22:19.030 request:
2 > POST http://localhost:8081/auth
2 > Accept-Encoding: gzip,deflate
2 > Connection: Keep-Alive
2 > Content-Length: 46
2 > Content-Type: application/json; charset=UTF-8
2 > Host: localhost:8081
2 > User-Agent: Apache-HttpClient/4.5.12 (Java/11.0.13)
{"username":"1637158938840","password":"1234"}

11:22:19.169 response time in milliseconds: 136.81
2 < 200
2 < Connection: keep-alive
2 < Content-Type: application/json
2 < Date: Wed, 17 Nov 2021 14:22:18 GMT
2 < Keep-Alive: timeout=60
2 < Transfer-Encoding: chunked
{"token":"eyJhbGciOiJIUzI1NiJ9.eyJpc3MiOiJCb29rIFdpc2hsaXN0IEFQSSIsInN1YiI6IjJjOTQ4MDgzN2QyYThjMDgwMTdkMmU0NmViMTgwMGViIiwiaWF0IjoxNjM3MTU4OTM5LCJleHAiOjE2MzcyNDUzMzl9.DEF-KGxjCsh6uVZRyJVt_D9aI0y1I9dhBu0mLVMogw8","type":"Bearer"}

11:22:19.170 [print] {
  "type": "Bearer",
  "token": "eyJhbGciOiJIUzI1NiJ9.eyJpc3MiOiJCb29rIFdpc2hsaXN0IEFQSSIsInN1YiI6IjJjOTQ4MDgzN2QyYThjMDgwMTdkMmU0NmViMTgwMGViIiwiaWF0IjoxNjM3MTU4OTM5LCJleHAiOjE2MzcyNDUzMzl9.DEF-KGxjCsh6uVZRyJVt_D9aI0y1I9dhBu0mLVMogw8"
}

11:22:19.178 request:
3 > POST http://localhost:8081/wishlist
3 > Accept-Encoding: gzip,deflate
3 > Authorization: Bearer eyJhbGciOiJIUzI1NiJ9.eyJpc3MiOiJCb29rIFdpc2hsaXN0IEFQSSIsInN1YiI6IjJjOTQ4MDgzN2QyYThjMDgwMTdkMmU0NmViMTgwMGViIiwiaWF0IjoxNjM3MTU4OTM5LCJleHAiOjE2MzcyNDUzMzl9.DEF-KGxjCsh6uVZRyJVt_D9aI0y1I9dhBu0mLVMogw8
3 > Connection: Keep-Alive
3 > Content-Length: 31
3 > Content-Type: application/json; charset=UTF-8
3 > Host: localhost:8081
3 > User-Agent: Apache-HttpClient/4.5.12 (Java/11.0.13)
{"name":"wishlist for testing"}

11:22:19.257 response time in milliseconds: 78.29
3 < 201
3 < Cache-Control: no-cache, no-store, max-age=0, must-revalidate
3 < Connection: keep-alive
3 < Content-Type: application/json
3 < Date: Wed, 17 Nov 2021 14:22:18 GMT
3 < Expires: 0
3 < Keep-Alive: timeout=60
3 < Location: http://localhost:8081/wishlist/2c9480837d2a8c08017d2e46ebfb00ec
3 < Pragma: no-cache
3 < Transfer-Encoding: chunked
3 < X-Content-Type-Options: nosniff
3 < X-Frame-Options: DENY
3 < X-XSS-Protection: 1; mode=block
{"id":"2c9480837d2a8c08017d2e46ebfb00ec","name":"wishlist for testing","books":[]}

11:22:19.259 [print] {
  "books": [
  ],
  "name": "wishlist for testing",
  "id": "2c9480837d2a8c08017d2e46ebfb00ec"
}

11:22:19.304 karate.env system property was:  
11:22:19.311 request:
1 > POST http://localhost:8081/signup
1 > Accept: application/json
1 > Accept-Encoding: gzip,deflate
1 > Connection: Keep-Alive
1 > Content-Length: 46
1 > Content-Type: application/json; charset=UTF-8
1 > Host: localhost:8081
1 > User-Agent: Apache-HttpClient/4.5.12 (Java/11.0.13)
{"username":"1637158939307","password":"1234"}

11:22:19.468 response time in milliseconds: 154.87
1 < 201
1 < Connection: keep-alive
1 < Content-Type: application/json
1 < Date: Wed, 17 Nov 2021 14:22:19 GMT
1 < Keep-Alive: timeout=60
1 < Transfer-Encoding: chunked
{"id":"2c9480837d2a8c08017d2e46ecd500ed","username":"1637158939307","password":"$2a$10$FMr0R4icMF/Sa3TsinsZiuu7yTN6xwTVnu7D0EQmdz1igULrxquiC","profiles":null,"enabled":true,"authorities":null,"accountNonLocked":true,"credentialsNonExpired":true,"accountNonExpired":true}

11:22:19.469 [print] {
  "password": "$2a$10$FMr0R4icMF/Sa3TsinsZiuu7yTN6xwTVnu7D0EQmdz1igULrxquiC",
  "credentialsNonExpired": true,
  "profiles": null,
  "accountNonExpired": true,
  "id": "2c9480837d2a8c08017d2e46ecd500ed",
  "enabled": true,
  "authorities": null,
  "username": "1637158939307",
  "accountNonLocked": true
}

11:22:19.475 request:
2 > POST http://localhost:8081/auth
2 > Accept-Encoding: gzip,deflate
2 > Connection: Keep-Alive
2 > Content-Length: 46
2 > Content-Type: application/json; charset=UTF-8
2 > Host: localhost:8081
2 > User-Agent: Apache-HttpClient/4.5.12 (Java/11.0.13)
{"username":"1637158939307","password":"1234"}

11:22:19.623 response time in milliseconds: 146.06
2 < 200
2 < Connection: keep-alive
2 < Content-Type: application/json
2 < Date: Wed, 17 Nov 2021 14:22:19 GMT
2 < Keep-Alive: timeout=60
2 < Transfer-Encoding: chunked
{"token":"eyJhbGciOiJIUzI1NiJ9.eyJpc3MiOiJCb29rIFdpc2hsaXN0IEFQSSIsInN1YiI6IjJjOTQ4MDgzN2QyYThjMDgwMTdkMmU0NmVjZDUwMGVkIiwiaWF0IjoxNjM3MTU4OTQwLCJleHAiOjE2MzcyNDUzNDB9.iMGDDI4ymz2FTlT8e8swCtAj0t-zHsEZEwVWuG2739w","type":"Bearer"}

11:22:19.625 [print] {
  "type": "Bearer",
  "token": "eyJhbGciOiJIUzI1NiJ9.eyJpc3MiOiJCb29rIFdpc2hsaXN0IEFQSSIsInN1YiI6IjJjOTQ4MDgzN2QyYThjMDgwMTdkMmU0NmVjZDUwMGVkIiwiaWF0IjoxNjM3MTU4OTQwLCJleHAiOjE2MzcyNDUzNDB9.iMGDDI4ymz2FTlT8e8swCtAj0t-zHsEZEwVWuG2739w"
}

11:22:19.630 request:
3 > POST http://localhost:8081/wishlist
3 > Accept-Encoding: gzip,deflate
3 > Authorization: Bearer eyJhbGciOiJIUzI1NiJ9.eyJpc3MiOiJCb29rIFdpc2hsaXN0IEFQSSIsInN1YiI6IjJjOTQ4MDgzN2QyYThjMDgwMTdkMmU0NmVjZDUwMGVkIiwiaWF0IjoxNjM3MTU4OTQwLCJleHAiOjE2MzcyNDUzNDB9.iMGDDI4ymz2FTlT8e8swCtAj0t-zHsEZEwVWuG2739w
3 > Connection: Keep-Alive
3 > Content-Length: 27
3 > Content-Type: application/json; charset=UTF-8
3 > Host: localhost:8081
3 > User-Agent: Apache-HttpClient/4.5.12 (Java/11.0.13)
{"name":"wishlist to find"}

11:22:19.692 response time in milliseconds: 60.28
3 < 201
3 < Cache-Control: no-cache, no-store, max-age=0, must-revalidate
3 < Connection: keep-alive
3 < Content-Type: application/json
3 < Date: Wed, 17 Nov 2021 14:22:19 GMT
3 < Expires: 0
3 < Keep-Alive: timeout=60
3 < Location: http://localhost:8081/wishlist/2c9480837d2a8c08017d2e46edb100ee
3 < Pragma: no-cache
3 < Transfer-Encoding: chunked
3 < X-Content-Type-Options: nosniff
3 < X-Frame-Options: DENY
3 < X-XSS-Protection: 1; mode=block
{"id":"2c9480837d2a8c08017d2e46edb100ee","name":"wishlist to find","books":[]}

11:22:19.693 [print] {
  "books": [
  ],
  "name": "wishlist to find",
  "id": "2c9480837d2a8c08017d2e46edb100ee"
}

11:22:19.709 request:
4 > GET http://localhost:8081/wishlist/2c9480837d2a8c08017d2e46edb100ee
4 > Accept-Encoding: gzip,deflate
4 > Authorization: Bearer eyJhbGciOiJIUzI1NiJ9.eyJpc3MiOiJCb29rIFdpc2hsaXN0IEFQSSIsInN1YiI6IjJjOTQ4MDgzN2QyYThjMDgwMTdkMmU0NmVjZDUwMGVkIiwiaWF0IjoxNjM3MTU4OTQwLCJleHAiOjE2MzcyNDUzNDB9.iMGDDI4ymz2FTlT8e8swCtAj0t-zHsEZEwVWuG2739w
4 > Connection: Keep-Alive
4 > Host: localhost:8081
4 > User-Agent: Apache-HttpClient/4.5.12 (Java/11.0.13)

11:22:19.751 response time in milliseconds: 40.32
4 < 200
4 < Cache-Control: no-cache, no-store, max-age=0, must-revalidate
4 < Connection: keep-alive
4 < Content-Type: application/json
4 < Date: Wed, 17 Nov 2021 14:22:19 GMT
4 < Expires: 0
4 < Keep-Alive: timeout=60
4 < Pragma: no-cache
4 < Transfer-Encoding: chunked
4 < X-Content-Type-Options: nosniff
4 < X-Frame-Options: DENY
4 < X-XSS-Protection: 1; mode=block
{"id":"2c9480837d2a8c08017d2e46edb100ee","name":"wishlist to find","books":[]}

11:22:19.752 [print] {
  "books": [
  ],
  "name": "wishlist to find",
  "id": "2c9480837d2a8c08017d2e46edb100ee"
}

 Nov 2021 13:56:20 GMT
4 < Expires: 0
4 < Keep-Alive: timeout=60
4 < Pragma: no-cache
4 < Transfer-Encoding: chunked
4 < X-Content-Type-Options: nosniff
4 < X-Frame-Options: DENY
4 < X-XSS-Protection: 1; mode=block
{"id":"2c9480837d2a8c08017d2e2f232d00da","name":"wishlist to find","books":[]}

10:56:20.556 [print] {
  "books": [
  ],
  "name": "wishlist to find",
  "id": "2c9480837d2a8c08017d2e2f232d00da"
}

c6"
}

wishlist to find",
  "id": "2c9480837d2a8c08017d2e1787b3009e"
}

10:30:33.440 assertion failed: path: $, actual: {"books":[],"name":"wishlist to find","id":"2c9480837d2a8c08017d2e1787b3009e"}, expected: 'wishlist to find', reason: actual value is not a string
g
